2017-03-08 21:04:48,943: [INFO]:	Starting helper
2017-03-08 21:04:53,781: [DEBUG]:	Adventure generation
2017-03-08 21:04:53,781: [DEBUG]:	[]
2017-03-08 21:04:55,197: [DEBUG]:	{'title': 'Local', 'filename': 'db/adventures/local.txt'}
2017-03-08 21:55:46,233: [INFO]:	Starting helper
2017-03-08 21:55:50,868: [DEBUG]:	Adventure generation
2017-03-08 21:55:50,868: [DEBUG]:	[]
2017-03-08 21:56:36,126: [INFO]:	Starting helper
2017-03-08 21:56:45,803: [INFO]:	Starting helper
2017-03-08 21:58:12,244: [INFO]:	Starting helper
2017-03-08 21:58:26,822: [DEBUG]:	Adventure generation
2017-03-08 21:58:26,822: [DEBUG]:	[]
2017-03-08 21:58:30,501: [DEBUG]:	{'filename': 'db/adventures/local.txt', 'title': 'Local'}
2017-03-08 22:06:51,011: [INFO]:	Starting helper
2017-03-08 22:06:51,360: [DEBUG]:	Running adventure
2017-03-08 22:06:51,360: [DEBUG]:	Adventure generation
2017-03-08 22:06:51,361: [DEBUG]:	()
2017-03-08 22:14:49,540: [INFO]:	Starting helper
2017-03-08 22:23:17,381: [INFO]:	Starting helper
2017-03-08 22:23:19,336: [DEBUG]:	Adventure generation
2017-03-08 22:23:19,336: [DEBUG]:	[]
2017-03-08 22:23:20,168: [DEBUG]:	{'filename': 'db/adventures/local.txt', 'title': 'Local'}
